Determining if the pthread_create exist failed with the following output:
Change Dir: /home/phillip/ros/pcplay_ws/build/CMakeFiles/CMakeTmp

Run Build Command:"/usr/bin/make" "cmTC_b7abf/fast"
/usr/bin/make -f CMakeFiles/cmTC_b7abf.dir/build.make CMakeFiles/cmTC_b7abf.dir/build
make[1]: Entering directory '/home/phillip/ros/pcplay_ws/build/CMakeFiles/CMakeTmp'
Building C object CMakeFiles/cmTC_b7abf.dir/CheckSymbolExists.c.o
/usr/bin/cc    -o CMakeFiles/cmTC_b7abf.dir/CheckSymbolExists.c.o   -c /home/phillip/ros/pcplay_ws/build/CMakeFiles/CMakeTmp/CheckSymbolExists.c
Linking C executable cmTC_b7abf
/usr/bin/cmake -E cmake_link_script CMakeFiles/cmTC_b7abf.dir/link.txt --verbose=1
/usr/bin/cc      -rdynamic CMakeFiles/cmTC_b7abf.dir/CheckSymbolExists.c.o  -o cmTC_b7abf 
CMakeFiles/cmTC_b7abf.dir/CheckSymbolExists.c.o: In function `main':
CheckSymbolExists.c:(.text+0x1b): undefined reference to `pthread_create'
collect2: error: ld returned 1 exit status
CMakeFiles/cmTC_b7abf.dir/build.make:97: recipe for target 'cmTC_b7abf' failed
make[1]: *** [cmTC_b7abf] Error 1
make[1]: Leaving directory '/home/phillip/ros/pcplay_ws/build/CMakeFiles/CMakeTmp'
Makefile:126: recipe for target 'cmTC_b7abf/fast' failed
make: *** [cmTC_b7abf/fast] Error 2

File /home/phillip/ros/pcplay_ws/build/CMakeFiles/CMakeTmp/CheckSymbolExists.c:
/* */
#include <pthread.h>

int main(int argc, char** argv)
{
  (void)argv;
#ifndef pthread_create
  return ((int*)(&pthread_create))[argc];
#else
  (void)argc;
  return 0;
#endif
}

Determining if the function pthread_create exists in the pthreads failed with the following output:
Change Dir: /home/phillip/ros/pcplay_ws/build/CMakeFiles/CMakeTmp

Run Build Command:"/usr/bin/make" "cmTC_417d7/fast"
/usr/bin/make -f CMakeFiles/cmTC_417d7.dir/build.make CMakeFiles/cmTC_417d7.dir/build
make[1]: Entering directory '/home/phillip/ros/pcplay_ws/build/CMakeFiles/CMakeTmp'
Building C object CMakeFiles/cmTC_417d7.dir/CheckFunctionExists.c.o
/usr/bin/cc   -DCHECK_FUNCTION_EXISTS=pthread_create   -o CMakeFiles/cmTC_417d7.dir/CheckFunctionExists.c.o   -c /usr/share/cmake-3.10/Modules/CheckFunctionExists.c
Linking C executable cmTC_417d7
/usr/bin/cmake -E cmake_link_script CMakeFiles/cmTC_417d7.dir/link.txt --verbose=1
/usr/bin/cc  -DCHECK_FUNCTION_EXISTS=pthread_create    -rdynamic CMakeFiles/cmTC_417d7.dir/CheckFunctionExists.c.o  -o cmTC_417d7 -lpthreads 
/usr/bin/ld: cannot find -lpthreads
collect2: error: ld returned 1 exit status
CMakeFiles/cmTC_417d7.dir/build.make:97: recipe for target 'cmTC_417d7' failed
make[1]: *** [cmTC_417d7] Error 1
make[1]: Leaving directory '/home/phillip/ros/pcplay_ws/build/CMakeFiles/CMakeTmp'
Makefile:126: recipe for target 'cmTC_417d7/fast' failed
make: *** [cmTC_417d7/fast] Error 2


